INFO:app:Started before_first_request
INFO:app:Loaded default model (goal_distance_regression.joblib)
INFO:app:Finished before_first_request
INFO:app:predict request started
INFO:app:[{'goal_distance': 45.70557952810576}, {'goal_distance': 56.56854249492381}, {'goal_distance': 15.811388300841896}, {'goal_distance': 17.0}, {'goal_distance': 17.11724276862369}]
INFO:app:Predictions: [[0.94294274 0.05705726]
 [0.95986544 0.04013456]
 [0.85665985 0.14334015]
 [0.86155457 0.13844543]
 [0.8620297  0.1379703 ]]
INFO:app:download_registry_model request started
INFO:app:[{'project': 'example_project', 'model': 'new_model', 'version': 'v1'}]
INFO:app:Failure to change model to : new_model
INFO:app:predict request started
INFO:app:[{'goal_distance': 45.70557952810576}, {'goal_distance': 56.56854249492381}, {'goal_distance': 15.811388300841896}, {'goal_distance': 17.0}, {'goal_distance': 17.11724276862369}]
INFO:app:Predictions: [[0.94294274 0.05705726]
 [0.95986544 0.04013456]
 [0.85665985 0.14334015]
 [0.86155457 0.13844543]
 [0.8620297  0.1379703 ]]
INFO:app:predict request started
INFO:app:[{'goal_distance': 45.70557952810576}, {'goal_distance': 56.56854249492381}, {'goal_distance': 15.811388300841896}, {'goal_distance': 17.0}, {'goal_distance': 17.11724276862369}]
INFO:app:Predictions: [[0.94294274 0.05705726]
 [0.95986544 0.04013456]
 [0.85665985 0.14334015]
 [0.86155457 0.13844543]
 [0.8620297  0.1379703 ]]
INFO:app:download_registry_model request started
INFO:app:[{'project': 'example_project', 'model': 'new_model', 'version': 'v1'}]
INFO:app:Failure to change model to : new_model
INFO:app:predict request started
INFO:app:[{'goal_distance': 45.70557952810576}, {'goal_distance': 56.56854249492381}, {'goal_distance': 15.811388300841896}, {'goal_distance': 17.0}, {'goal_distance': 17.11724276862369}]
INFO:app:Predictions: [[0.94294274 0.05705726]
 [0.95986544 0.04013456]
 [0.85665985 0.14334015]
 [0.86155457 0.13844543]
 [0.8620297  0.1379703 ]]
INFO:app:download_registry_model request started
INFO:app:[{'project': 'simple_model_logistic_regression', 'model': 'goal_angle_regression', 'version': 'v0'}]
INFO:app:Model change to : goal_angle_regression (without download)
